<?xml version="1.0" encoding="UTF-8"?>
<!-- Generated by org.testng.reporters.JUnitXMLReporter -->
<testsuite ignored="0" hostname="Mewhiz" failures="0" tests="5" name="Default test" time="32.078" errors="0" timestamp="2025-12-10T22:21:31 IST">
  <testcase classname="ssm.hrm.tests.LoginTest" name="loginInvalidUser" time="1.399"/>
  <testcase classname="ssm.hrm.tests.LoginTest" name="loginInvalidUser" time="1.488"/>
  <testcase classname="ssm.hrm.tests.LoginTest" name="loginInvalidUser" time="4.591"/>
  <testcase classname="ssm.hrm.tests.LoginTest" name="loginInvalidUser" time="4.81"/>
  <testcase classname="ssm.hrm.tests.LoginTest" name="loginValidUser" time="5.231"/>
</testsuite> <!-- Default test -->
