<?xml version="1.0" encoding="UTF-8"?>
<testng-results ignored="0" total="5" passed="5" failed="0" skipped="0">
  <reporter-output>
  </reporter-output>
  <suite started-at="2025-12-24T19:18:08 IST" name="HRMSuite" finished-at="2025-12-24T19:18:44 IST" duration-ms="35962">
    <groups>
    </groups>
    <test started-at="2025-12-24T19:18:08 IST" name="AdminLoginTest" finished-at="2025-12-24T19:18:44 IST" duration-ms="35962">
      <class name="ssm.hrm.tests.LoginTest">
        <test-method is-config="true" signature="launchBrowser()[pri:0, instance:ssm.hrm.tests.LoginTest@4c178a76]" started-at="2025-12-24T19:18:10 IST" name="launchBrowser" finished-at="2025-12-24T19:18:23 IST" duration-ms="13635" status="PASS">
          <reporter-output>
          </reporter-output>
        </test-method> <!-- launchBrowser -->
        <test-method is-config="true" signature="launchBrowser()[pri:0, instance:ssm.hrm.tests.LoginTest@4c178a76]" started-at="2025-12-24T19:18:10 IST" name="launchBrowser" finished-at="2025-12-24T19:18:20 IST" duration-ms="10316" status="PASS">
          <reporter-output>
          </reporter-output>
        </test-method> <!-- launchBrowser -->
        <test-method is-config="true" signature="launchBrowser()[pri:0, instance:ssm.hrm.tests.LoginTest@4c178a76]" started-at="2025-12-24T19:18:10 IST" name="launchBrowser" finished-at="2025-12-24T19:18:24 IST" duration-ms="13972" status="PASS">
          <reporter-output>
          </reporter-output>
        </test-method> <!-- launchBrowser -->
        <test-method signature="loginInvalidUser(java.util.HashMap)[pri:1, instance:ssm.hrm.tests.LoginTest@4c178a76]" started-at="2025-12-24T19:18:20 IST" name="loginInvalidUser" data-provider="invalidData" finished-at="2025-12-24T19:18:25 IST" duration-ms="4385" status="PASS">
          <params>
            <param index="0">
              <value>
                <![CDATA[{Username=test, Password=admin123}]]>
              </value>
            </param>
          </params>
          <reporter-output>
          </reporter-output>
        </test-method> <!-- loginInvalidUser -->
        <test-method signature="loginInvalidUser(java.util.HashMap)[pri:1, instance:ssm.hrm.tests.LoginTest@4c178a76]" started-at="2025-12-24T19:18:23 IST" name="loginInvalidUser" data-provider="invalidData" finished-at="2025-12-24T19:18:25 IST" duration-ms="1208" status="PASS">
          <params>
            <param index="0">
              <value>
                <![CDATA[{Username=Admin, Password=test}]]>
              </value>
            </param>
          </params>
          <reporter-output>
          </reporter-output>
        </test-method> <!-- loginInvalidUser -->
        <test-method signature="loginInvalidUser(java.util.HashMap)[pri:1, instance:ssm.hrm.tests.LoginTest@4c178a76]" started-at="2025-12-24T19:18:24 IST" name="loginInvalidUser" data-provider="invalidData" finished-at="2025-12-24T19:18:25 IST" duration-ms="1663" status="PASS">
          <params>
            <param index="0">
              <value>
                <![CDATA[{Username=test, Password=test}]]>
              </value>
            </param>
          </params>
          <reporter-output>
          </reporter-output>
        </test-method> <!-- loginInvalidUser -->
        <test-method is-config="true" signature="quitBrowser()[pri:0, instance:ssm.hrm.tests.LoginTest@4c178a76]" started-at="2025-12-24T19:18:25 IST" name="quitBrowser" finished-at="2025-12-24T19:18:25 IST" duration-ms="385" status="PASS">
          <reporter-output>
          </reporter-output>
        </test-method> <!-- quitBrowser -->
        <test-method is-config="true" signature="quitBrowser()[pri:0, instance:ssm.hrm.tests.LoginTest@4c178a76]" started-at="2025-12-24T19:18:25 IST" name="quitBrowser" finished-at="2025-12-24T19:18:25 IST" duration-ms="489" status="PASS">
          <reporter-output>
          </reporter-output>
        </test-method> <!-- quitBrowser -->
        <test-method is-config="true" signature="launchBrowser()[pri:0, instance:ssm.hrm.tests.LoginTest@4c178a76]" started-at="2025-12-24T19:18:25 IST" name="launchBrowser" finished-at="2025-12-24T19:18:32 IST" duration-ms="6621" status="PASS">
          <reporter-output>
          </reporter-output>
        </test-method> <!-- launchBrowser -->
        <test-method is-config="true" signature="quitBrowser()[pri:0, instance:ssm.hrm.tests.LoginTest@4c178a76]" started-at="2025-12-24T19:18:25 IST" name="quitBrowser" finished-at="2025-12-24T19:18:26 IST" duration-ms="585" status="PASS">
          <reporter-output>
          </reporter-output>
        </test-method> <!-- quitBrowser -->
        <test-method signature="loginInvalidUser(java.util.HashMap)[pri:1, instance:ssm.hrm.tests.LoginTest@4c178a76]" started-at="2025-12-24T19:18:32 IST" name="loginInvalidUser" data-provider="invalidData" finished-at="2025-12-24T19:18:33 IST" duration-ms="1440" status="PASS">
          <params>
            <param index="0">
              <value>
                <![CDATA[{Username=    , Password=   }]]>
              </value>
            </param>
          </params>
          <reporter-output>
          </reporter-output>
        </test-method> <!-- loginInvalidUser -->
        <test-method is-config="true" signature="quitBrowser()[pri:0, instance:ssm.hrm.tests.LoginTest@4c178a76]" started-at="2025-12-24T19:18:33 IST" name="quitBrowser" finished-at="2025-12-24T19:18:33 IST" duration-ms="268" status="PASS">
          <reporter-output>
          </reporter-output>
        </test-method> <!-- quitBrowser -->
        <test-method is-config="true" signature="launchBrowser()[pri:0, instance:ssm.hrm.tests.LoginTest@4c178a76]" started-at="2025-12-24T19:18:33 IST" name="launchBrowser" finished-at="2025-12-24T19:18:40 IST" duration-ms="6403" status="PASS">
          <reporter-output>
          </reporter-output>
        </test-method> <!-- launchBrowser -->
        <test-method signature="loginValidUser()[pri:2, instance:ssm.hrm.tests.LoginTest@4c178a76]" started-at="2025-12-24T19:18:40 IST" name="loginValidUser" finished-at="2025-12-24T19:18:44 IST" duration-ms="3877" status="PASS">
          <reporter-output>
          </reporter-output>
        </test-method> <!-- loginValidUser -->
        <test-method is-config="true" signature="quitBrowser()[pri:0, instance:ssm.hrm.tests.LoginTest@4c178a76]" started-at="2025-12-24T19:18:44 IST" name="quitBrowser" finished-at="2025-12-24T19:18:44 IST" duration-ms="368" status="PASS">
          <reporter-output>
          </reporter-output>
        </test-method> <!-- quitBrowser -->
      </class> <!-- ssm.hrm.tests.LoginTest -->
    </test> <!-- AdminLoginTest -->
  </suite> <!-- HRMSuite -->
</testng-results>
