<?xml version="1.0" encoding="UTF-8"?>
<!-- Generated by org.testng.reporters.JUnitXMLReporter -->
<testsuite ignored="0" hostname="Mewhiz" failures="0" tests="5" name="AdminLoginTest" time="35.962" errors="0" timestamp="2025-12-24T19:18:44 IST">
  <testcase classname="ssm.hrm.tests.LoginTest" name="loginInvalidUser" time="4.385"/>
  <testcase classname="ssm.hrm.tests.LoginTest" name="loginInvalidUser" time="1.208"/>
  <testcase classname="ssm.hrm.tests.LoginTest" name="loginInvalidUser" time="1.663"/>
  <testcase classname="ssm.hrm.tests.LoginTest" name="loginInvalidUser" time="1.44"/>
  <testcase classname="ssm.hrm.tests.LoginTest" name="loginValidUser" time="3.877"/>
</testsuite> <!-- AdminLoginTest -->
