<?xml version="1.0" encoding="UTF-8"?>
<!-- Generated by org.testng.reporters.JUnitReportReporter -->
<testsuite hostname="Mewhiz" failures="0" tests="5" name="ssm.hrm.tests.LoginTest" time="60.943" errors="0" timestamp="2025-12-10T22:21:31 IST" skipped="0">
  <testcase classname="ssm.hrm.tests.LoginTest" name="loginInvalidUser" time="18.572"/>
  <testcase classname="ssm.hrm.tests.LoginTest" name="loginInvalidUser" time="7.790"/>
  <testcase classname="ssm.hrm.tests.LoginTest" name="loginInvalidUser" time="7.727"/>
  <testcase classname="ssm.hrm.tests.LoginTest" name="loginInvalidUser" time="13.235"/>
  <testcase classname="ssm.hrm.tests.LoginTest" name="loginValidUser" time="13.619"/>
</testsuite> <!-- ssm.hrm.tests.LoginTest -->
