<?xml version="1.0" encoding="UTF-8"?>
<!-- Generated by org.testng.reporters.JUnitReportReporter -->
<testsuite hostname="Mewhiz" failures="0" tests="5" name="ssm.hrm.tests.LoginTest" time="65.615" errors="0" timestamp="2025-12-24T19:18:45 IST" skipped="0">
  <testcase classname="ssm.hrm.tests.LoginTest" name="loginInvalidUser" time="18.288"/>
  <testcase classname="ssm.hrm.tests.LoginTest" name="loginInvalidUser" time="8.429"/>
  <testcase classname="ssm.hrm.tests.LoginTest" name="loginInvalidUser" time="8.196"/>
  <testcase classname="ssm.hrm.tests.LoginTest" name="loginInvalidUser" time="16.020"/>
  <testcase classname="ssm.hrm.tests.LoginTest" name="loginValidUser" time="14.682"/>
</testsuite> <!-- ssm.hrm.tests.LoginTest -->
